[debug] [2023-11-29T10:20:23.946Z] ----------------------------------------------------------------------
[debug] [2023-11-29T10:20:23.949Z] Command:       C:\Program Files\nodejs\node.exe C:\Users\Sai Shashank CH\AppData\Roaming\npm\node_modules\firebase-tools\lib\bin\firebase.js init
[debug] [2023-11-29T10:20:23.950Z] CLI Version:   12.9.1
[debug] [2023-11-29T10:20:23.951Z] Platform:      win32
[debug] [2023-11-29T10:20:23.952Z] Node Version:  v18.12.1
[debug] [2023-11-29T10:20:23.953Z] Time:          Wed Nov 29 2023 15:50:23 GMT+0530 (India Standard Time)
[debug] [2023-11-29T10:20:23.953Z] ----------------------------------------------------------------------
[debug] 
[debug] [2023-11-29T10:20:23.964Z] > command requires scopes: ["email","openid","https://www.googleapis.com/auth/cloudplatformprojects.readonly","https://www.googleapis.com/auth/firebase","https://www.googleapis.com/auth/cloud-platform"]
[debug] [2023-11-29T10:20:23.965Z] > authorizing via signed-in user (20me01042@iitbbs.ac.in)
[info] 
     ######## #### ########  ######## ########     ###     ######  ########
     ##        ##  ##     ## ##       ##     ##  ##   ##  ##       ##
     ######    ##  ########  ######   ########  #########  ######  ######
     ##        ##  ##    ##  ##       ##     ## ##     ##       ## ##
     ##       #### ##     ## ######## ########  ##     ##  ######  ########

You're about to initialize a Firebase project in this directory:

  C:\Users\Sai Shashank CH\Desktop\Placements Preparation\Placement Keys\ExpenseTracker\expensetracker

[info] 
=== Project Setup
[info] 
[info] First, let's associate this project directory with a Firebase project.
[info] You can create multiple project aliases by running firebase use --add, 
[info] but for now we'll just set up a default project.
[info] 
[info] 
=== Firestore Setup
[info] 
[info] Firestore Security Rules allow you to define how and when to allow
[info] requests. You can keep these rules in your project directory
[info] and publish them with firebase deploy.
[info] 
